"w"				"+forward"
"UPARROW"		"+forward"
"s"				"+back"
"DOWNARROW"		"+back"
"LEFTARROW"		"+left"
"RIGHTARROW"	"+right"
"a"				"+moveleft"
","				"+moveleft"
"d"				"+moveright"
"."				"+moveright"
"SPACE"			"+jump"
"CTRL"			"+duck"
"f"			"fly_toggle"
"x"			"radio"
"t"			"+voicerecord"
"TAB"			"+showscores"
"b"			"showfruits"
"m"			"changeteam"
"n"			"changeclass"
"e"				"+use"
"v"				"+moveup"
"'"				"+moveup"
"c"				"+movedown"
"/"				"+movedown"
"PGUP"			"+lookup"
"PGDN"			"+lookdown"
"END"			"centerview"
"ALT"			"+strafe"
"INS"			"+klook"
";"				"+mlook"
"r"				"+reload"
"MOUSE1"		"+attack"
"MOUSE2"		"+attack2"
"\\"			"+attack2"
"1"				"slot1"
"2"				"slot2"
"3"				"slot3"
"4"				"slot4"
"5"				"slot5"
"6"				"slot6"
"7"				"slot7"
"8"				"slot8"
"9"				"slot9"
"0"				"slot10"
"MWHEELUP"		"invprev"
"["				"invprev"
"MWHEELDOWN"	"invnext"
"]"				"invnext"
"q"				"lastinv"
"F5"			"snapshot"
"F6"			"save quick"
"F7"			"load quick"
"F10"			"quit prompt"
"PAUSE"			"pause"
"ESCAPE"		"escape"
"~"				"toggleconsole"
"+"				"sizeup"
"="				"sizeup"
"-"				"sizedown"
"y"				"messagemode"
"u"				"messagemode2"